<?xml version="1.0" encoding="UTF-8"?>
<!-- Generated by org.testng.reporters.JUnitReportReporter -->
<testsuite skipped="0" hostname="DESKTOP-PHGJ5QM" name="bla1" tests="1" failures="0" timestamp="2020-02-23T14:51:12 IST" time="9.679" errors="0">
  <testcase name="f" time="9.679" classname="bla1"/>
  <system-out/>
</testsuite> <!-- bla1 -->
